#-----------------------------------------------------------
# xsim v2024.2 (64-bit)
# SW Build 5239630 on Fri Nov 08 22:35:27 MST 2024
# IP Build 5239520 on Sun Nov 10 16:12:51 MST 2024
# SharedData Build 5239561 on Fri Nov 08 14:39:27 MST 2024
# Start of session at: Mon Jun  8 12:16:43 2026
# Process ID         : 20600
# Current directory  : C:/Users/foeza/Documents/Batch2_testing/sessions/r_2026_06_08_b/build
# Command line       : xsim.exe -mode tcl -source {xsim.dir/dsfsxdfsdfsdfsdfrgterthb_test/xsim_script.tcl}
# Log file           : C:/Users/foeza/Documents/Batch2_testing/sessions/r_2026_06_08_b/build/xsim.log
# Journal file       : C:/Users/foeza/Documents/Batch2_testing/sessions/r_2026_06_08_b/build\xsim.jou
# Running On         : DESKTOP-J2SA5JN
# Platform           : Windows Server 2016 or Windows 10
# Operating System   : 26200
# Processor Detail   : 11th Gen Intel(R) Core(TM) i5-1145G7 @ 2.60GHz
# CPU Frequency      : 2611 MHz
# CPU Physical cores : 4
# CPU Logical cores  : 8
# Host memory        : 34062 MB
# Swap memory        : 2147 MB
# Total Virtual      : 36209 MB
# Available Virtual  : 17585 MB
#-----------------------------------------------------------
source xsim.dir/dsfsxdfsdfsdfsdfrgterthb_test/xsim_script.tcl
# xsim {dsfsxdfsdfsdfsdfrgterthb_test} -autoloadwcfg -runall
Time resolution is 1 ps
run -all
Hello, World!
$finish called at time : 0 fs : File "C:/Users/foeza/Documents/Batch2_testing/sessions/r_2026_06_08_b/test.sv" Line 6
exit
INFO: [Common 17-206] Exiting xsim at Mon Jun  8 12:16:46 2026...
